2021/02/23 15:35:18.008 [1;35m[C][0m  Parser config succ

[GIN-debug] [WARNING] Creating an Engine instance with the Logger and Recovery middleware already attached.

[GIN-debug] [WARNING] Running in "debug" mode. Switch to "release" mode in production.
 - using env:	export GIN_MODE=release
 - using code:	gin.SetMode(gin.ReleaseMode)

[GIN-debug] GET    /welcome                  --> main.webRoot (3 handlers)
[GIN-debug] POST   /welcome                  --> main.webRoot (3 handlers)
[GIN-debug] PUT    /welcome                  --> main.webRoot (3 handlers)
[GIN-debug] PATCH  /welcome                  --> main.webRoot (3 handlers)
[GIN-debug] HEAD   /welcome                  --> main.webRoot (3 handlers)
[GIN-debug] OPTIONS /welcome                  --> main.webRoot (3 handlers)
[GIN-debug] DELETE /welcome                  --> main.webRoot (3 handlers)
[GIN-debug] CONNECT /welcome                  --> main.webRoot (3 handlers)
[GIN-debug] TRACE  /welcome                  --> main.webRoot (3 handlers)
[GIN-debug] POST   /login                    --> main.loginHandler (3 handlers)
[GIN-debug] POST   /logout                   --> main.logoutHandler (3 handlers)
[GIN-debug] GET    /getuserinfo              --> main.getUserinfoHandler (3 handlers)
[GIN-debug] POST   /editnickname             --> main.editNicknameHandler (3 handlers)
[GIN-debug] POST   /uploadpic                --> main.uploadHeadurlHandler (3 handlers)
[GIN-debug] GET    /static/*filepath         --> github.com/gin-gonic/gin.(*RouterGroup).createStaticHandler.func1 (3 handlers)
[GIN-debug] HEAD   /static/*filepath         --> github.com/gin-gonic/gin.(*RouterGroup).createStaticHandler.func1 (3 handlers)
[GIN-debug] GET    /upload/images/*filepath  --> github.com/gin-gonic/gin.(*RouterGroup).createStaticHandler.func1 (3 handlers)
[GIN-debug] HEAD   /upload/images/*filepath  --> github.com/gin-gonic/gin.(*RouterGroup).createStaticHandler.func1 (3 handlers)
about to start
[GIN-debug] Listening and serving HTTP on :8081
